2026-05-19 00:06:40,358 - INFO - Starting ClusterAnalysisExperiment for source: cluster_assignment_sweep
2026-05-19 00:06:40,366 - INFO - Analyzing agglomerative_d128_n_clusters-10_linkage-average.csv...
2026-05-19 00:06:40,408 - INFO - Analyzing agglomerative_d128_n_clusters-10_linkage-ward.csv...
2026-05-19 00:06:40,418 - INFO - Analyzing agglomerative_d128_n_clusters-15_linkage-average.csv...
2026-05-19 00:06:40,427 - INFO - Analyzing agglomerative_d128_n_clusters-15_linkage-ward.csv...
2026-05-19 00:06:40,435 - INFO - Analyzing agglomerative_d128_n_clusters-5_linkage-average.csv...
2026-05-19 00:06:40,444 - INFO - Analyzing agglomerative_d128_n_clusters-5_linkage-ward.csv...
2026-05-19 00:06:40,446 - INFO - Analyzing agglomerative_d16_n_clusters-10_linkage-average.csv...
2026-05-19 00:06:40,468 - INFO - Analyzing agglomerative_d16_n_clusters-10_linkage-ward.csv...
2026-05-19 00:06:40,479 - INFO - Analyzing agglomerative_d16_n_clusters-15_linkage-average.csv...
2026-05-19 00:06:40,487 - INFO - Analyzing agglomerative_d16_n_clusters-15_linkage-ward.csv...
2026-05-19 00:06:40,500 - INFO - Analyzing agglomerative_d16_n_clusters-5_linkage-average.csv...
2026-05-19 00:06:40,513 - INFO - Analyzing agglomerative_d16_n_clusters-5_linkage-ward.csv...
2026-05-19 00:06:40,529 - INFO - Analyzing agglomerative_d256_n_clusters-10_linkage-average.csv...
2026-05-19 00:06:40,543 - INFO - Analyzing agglomerative_d256_n_clusters-10_linkage-ward.csv...
2026-05-19 00:06:40,556 - INFO - Analyzing agglomerative_d256_n_clusters-15_linkage-average.csv...
2026-05-19 00:06:40,569 - INFO - Analyzing agglomerative_d256_n_clusters-15_linkage-ward.csv...
2026-05-19 00:06:40,580 - INFO - Analyzing agglomerative_d256_n_clusters-5_linkage-average.csv...
2026-05-19 00:06:40,595 - INFO - Analyzing agglomerative_d256_n_clusters-5_linkage-ward.csv...
2026-05-19 00:06:40,606 - INFO - Analyzing agglomerative_d2_n_clusters-10_linkage-average.csv...
2026-05-19 00:06:40,618 - INFO - Analyzing agglomerative_d2_n_clusters-10_linkage-ward.csv...
2026-05-19 00:06:40,635 - INFO - Analyzing agglomerative_d2_n_clusters-15_linkage-average.csv...
2026-05-19 00:06:40,645 - INFO - Analyzing agglomerative_d2_n_clusters-15_linkage-ward.csv...
2026-05-19 00:06:40,656 - INFO - Analyzing agglomerative_d2_n_clusters-5_linkage-average.csv...
2026-05-19 00:06:40,668 - INFO - Analyzing agglomerative_d2_n_clusters-5_linkage-ward.csv...
2026-05-19 00:06:40,680 - INFO - Analyzing agglomerative_d32_n_clusters-10_linkage-average.csv...
2026-05-19 00:06:40,689 - INFO - Analyzing agglomerative_d32_n_clusters-10_linkage-ward.csv...
2026-05-19 00:06:40,698 - INFO - Analyzing agglomerative_d32_n_clusters-15_linkage-average.csv...
2026-05-19 00:06:40,712 - INFO - Analyzing agglomerative_d32_n_clusters-15_linkage-ward.csv...
2026-05-19 00:06:40,725 - INFO - Analyzing agglomerative_d32_n_clusters-5_linkage-average.csv...
2026-05-19 00:06:40,732 - INFO - Analyzing agglomerative_d32_n_clusters-5_linkage-ward.csv...
2026-05-19 00:06:40,745 - INFO - Analyzing agglomerative_d4_n_clusters-10_linkage-average.csv...
2026-05-19 00:06:40,750 - INFO - Analyzing agglomerative_d4_n_clusters-10_linkage-ward.csv...
2026-05-19 00:06:40,759 - INFO - Analyzing agglomerative_d4_n_clusters-15_linkage-average.csv...
2026-05-19 00:06:40,772 - INFO - Analyzing agglomerative_d4_n_clusters-15_linkage-ward.csv...
2026-05-19 00:06:40,834 - INFO - Analyzing agglomerative_d4_n_clusters-5_linkage-average.csv...
2026-05-19 00:06:40,848 - INFO - Analyzing agglomerative_d4_n_clusters-5_linkage-ward.csv...
2026-05-19 00:06:40,884 - INFO - Analyzing agglomerative_d64_n_clusters-10_linkage-average.csv...
2026-05-19 00:06:40,897 - INFO - Analyzing agglomerative_d64_n_clusters-10_linkage-ward.csv...
2026-05-19 00:06:40,913 - INFO - Analyzing agglomerative_d64_n_clusters-15_linkage-average.csv...
2026-05-19 00:06:40,928 - INFO - Analyzing agglomerative_d64_n_clusters-15_linkage-ward.csv...
2026-05-19 00:06:40,944 - INFO - Analyzing agglomerative_d64_n_clusters-5_linkage-average.csv...
2026-05-19 00:06:40,946 - INFO - Analyzing agglomerative_d64_n_clusters-5_linkage-ward.csv...
2026-05-19 00:06:40,984 - INFO - Analyzing agglomerative_d8_n_clusters-10_linkage-average.csv...
2026-05-19 00:06:41,000 - INFO - Analyzing agglomerative_d8_n_clusters-10_linkage-ward.csv...
2026-05-19 00:06:41,016 - INFO - Analyzing agglomerative_d8_n_clusters-15_linkage-average.csv...
2026-05-19 00:06:41,029 - INFO - Analyzing agglomerative_d8_n_clusters-15_linkage-ward.csv...
2026-05-19 00:06:41,043 - INFO - Analyzing agglomerative_d8_n_clusters-5_linkage-average.csv...
2026-05-19 00:06:41,058 - INFO - Analyzing agglomerative_d8_n_clusters-5_linkage-ward.csv...
2026-05-19 00:06:41,071 - INFO - Analyzing dbscan_d128_eps-0.3_min_samples-10.csv...
2026-05-19 00:06:41,085 - INFO - Analyzing dbscan_d128_eps-0.3_min_samples-5.csv...
2026-05-19 00:06:41,101 - INFO - Analyzing dbscan_d128_eps-0.5_min_samples-10.csv...
2026-05-19 00:06:41,115 - INFO - Analyzing dbscan_d128_eps-0.5_min_samples-5.csv...
2026-05-19 00:06:41,129 - INFO - Analyzing dbscan_d128_eps-0.7_min_samples-10.csv...
2026-05-19 00:06:41,145 - INFO - Analyzing dbscan_d128_eps-0.7_min_samples-5.csv...
2026-05-19 00:06:41,161 - INFO - Analyzing dbscan_d16_eps-0.3_min_samples-10.csv...
2026-05-19 00:06:41,178 - INFO - Analyzing dbscan_d16_eps-0.3_min_samples-5.csv...
2026-05-19 00:06:41,210 - INFO - Analyzing dbscan_d16_eps-0.5_min_samples-10.csv...
2026-05-19 00:06:41,221 - INFO - Analyzing dbscan_d16_eps-0.5_min_samples-5.csv...
2026-05-19 00:06:41,234 - INFO - Analyzing dbscan_d16_eps-0.7_min_samples-10.csv...
2026-05-19 00:06:41,247 - INFO - Analyzing dbscan_d16_eps-0.7_min_samples-5.csv...
2026-05-19 00:06:41,262 - INFO - Analyzing dbscan_d256_eps-0.3_min_samples-10.csv...
2026-05-19 00:06:41,266 - INFO - Analyzing dbscan_d256_eps-0.3_min_samples-5.csv...
2026-05-19 00:06:41,286 - INFO - Analyzing dbscan_d256_eps-0.5_min_samples-10.csv...
2026-05-19 00:06:41,300 - INFO - Analyzing dbscan_d256_eps-0.5_min_samples-5.csv...
2026-05-19 00:06:41,312 - INFO - Analyzing dbscan_d256_eps-0.7_min_samples-10.csv...
2026-05-19 00:06:41,327 - INFO - Analyzing dbscan_d256_eps-0.7_min_samples-5.csv...
2026-05-19 00:06:41,336 - INFO - Analyzing dbscan_d2_eps-0.3_min_samples-10.csv...
2026-05-19 00:06:41,348 - INFO - Analyzing dbscan_d2_eps-0.3_min_samples-5.csv...
2026-05-19 00:06:41,359 - INFO - Analyzing dbscan_d2_eps-0.5_min_samples-10.csv...
2026-05-19 00:06:41,369 - INFO - Analyzing dbscan_d2_eps-0.5_min_samples-5.csv...
2026-05-19 00:06:41,382 - INFO - Analyzing dbscan_d2_eps-0.7_min_samples-10.csv...
2026-05-19 00:06:41,396 - INFO - Analyzing dbscan_d2_eps-0.7_min_samples-5.csv...
2026-05-19 00:06:41,405 - INFO - Analyzing dbscan_d32_eps-0.3_min_samples-10.csv...
2026-05-19 00:06:41,411 - INFO - Analyzing dbscan_d32_eps-0.3_min_samples-5.csv...
2026-05-19 00:06:41,430 - INFO - Analyzing dbscan_d32_eps-0.5_min_samples-10.csv...
2026-05-19 00:06:41,439 - INFO - Analyzing dbscan_d32_eps-0.5_min_samples-5.csv...
2026-05-19 00:06:41,448 - INFO - Analyzing dbscan_d32_eps-0.7_min_samples-10.csv...
2026-05-19 00:06:41,467 - INFO - Analyzing dbscan_d32_eps-0.7_min_samples-5.csv...
2026-05-19 00:06:41,479 - INFO - Analyzing dbscan_d4_eps-0.3_min_samples-10.csv...
2026-05-19 00:06:41,489 - INFO - Analyzing dbscan_d4_eps-0.3_min_samples-5.csv...
2026-05-19 00:06:41,495 - INFO - Analyzing dbscan_d4_eps-0.5_min_samples-10.csv...
2026-05-19 00:06:41,512 - INFO - Analyzing dbscan_d4_eps-0.5_min_samples-5.csv...
2026-05-19 00:06:41,521 - INFO - Analyzing dbscan_d4_eps-0.7_min_samples-10.csv...
2026-05-19 00:06:41,536 - INFO - Analyzing dbscan_d4_eps-0.7_min_samples-5.csv...
2026-05-19 00:06:41,547 - INFO - Analyzing dbscan_d64_eps-0.3_min_samples-10.csv...
2026-05-19 00:06:41,560 - INFO - Analyzing dbscan_d64_eps-0.3_min_samples-5.csv...
2026-05-19 00:06:41,568 - INFO - Analyzing dbscan_d64_eps-0.5_min_samples-10.csv...
2026-05-19 00:06:41,580 - INFO - Analyzing dbscan_d64_eps-0.5_min_samples-5.csv...
2026-05-19 00:06:41,590 - INFO - Analyzing dbscan_d64_eps-0.7_min_samples-10.csv...
2026-05-19 00:06:41,601 - INFO - Analyzing dbscan_d64_eps-0.7_min_samples-5.csv...
2026-05-19 00:06:41,612 - INFO - Analyzing dbscan_d8_eps-0.3_min_samples-10.csv...
2026-05-19 00:06:41,624 - INFO - Analyzing dbscan_d8_eps-0.3_min_samples-5.csv...
2026-05-19 00:06:41,627 - INFO - Analyzing dbscan_d8_eps-0.5_min_samples-10.csv...
2026-05-19 00:06:41,647 - INFO - Analyzing dbscan_d8_eps-0.5_min_samples-5.csv...
2026-05-19 00:06:41,659 - INFO - Analyzing dbscan_d8_eps-0.7_min_samples-10.csv...
2026-05-19 00:06:41,669 - INFO - Analyzing dbscan_d8_eps-0.7_min_samples-5.csv...
2026-05-19 00:06:41,684 - INFO - Analyzing hdbscan_d128_min_cluster_size-10.csv...
2026-05-19 00:06:41,696 - INFO - Analyzing hdbscan_d128_min_cluster_size-20.csv...
2026-05-19 00:06:41,706 - INFO - Analyzing hdbscan_d128_min_cluster_size-50.csv...
2026-05-19 00:06:41,720 - INFO - Analyzing hdbscan_d16_min_cluster_size-10.csv...
2026-05-19 00:06:41,734 - INFO - Analyzing hdbscan_d16_min_cluster_size-20.csv...
2026-05-19 00:06:41,748 - INFO - Analyzing hdbscan_d16_min_cluster_size-50.csv...
2026-05-19 00:06:41,761 - INFO - Analyzing hdbscan_d256_min_cluster_size-10.csv...
2026-05-19 00:06:41,776 - INFO - Analyzing hdbscan_d256_min_cluster_size-20.csv...
2026-05-19 00:06:41,880 - INFO - Analyzing hdbscan_d256_min_cluster_size-50.csv...
2026-05-19 00:06:41,893 - INFO - Analyzing hdbscan_d2_min_cluster_size-10.csv...
2026-05-19 00:06:41,904 - INFO - Analyzing hdbscan_d2_min_cluster_size-20.csv...
2026-05-19 00:06:41,933 - INFO - Analyzing hdbscan_d2_min_cluster_size-50.csv...
2026-05-19 00:06:41,943 - INFO - Analyzing hdbscan_d32_min_cluster_size-10.csv...
2026-05-19 00:06:41,954 - INFO - Analyzing hdbscan_d32_min_cluster_size-20.csv...
2026-05-19 00:06:41,963 - INFO - Analyzing hdbscan_d32_min_cluster_size-50.csv...
2026-05-19 00:06:41,973 - INFO - Analyzing hdbscan_d4_min_cluster_size-10.csv...
2026-05-19 00:06:41,984 - INFO - Analyzing hdbscan_d4_min_cluster_size-20.csv...
2026-05-19 00:06:41,993 - INFO - Analyzing hdbscan_d4_min_cluster_size-50.csv...
2026-05-19 00:06:42,003 - INFO - Analyzing hdbscan_d64_min_cluster_size-10.csv...
2026-05-19 00:06:42,013 - INFO - Analyzing hdbscan_d64_min_cluster_size-20.csv...
2026-05-19 00:06:42,023 - INFO - Analyzing hdbscan_d64_min_cluster_size-50.csv...
2026-05-19 00:06:42,033 - INFO - Analyzing hdbscan_d8_min_cluster_size-10.csv...
2026-05-19 00:06:42,044 - INFO - Analyzing hdbscan_d8_min_cluster_size-20.csv...
2026-05-19 00:06:42,060 - INFO - Analyzing hdbscan_d8_min_cluster_size-50.csv...
2026-05-19 00:06:42,073 - INFO - Analyzing kmeans_d128_n_clusters-10.csv...
2026-05-19 00:06:42,085 - INFO - Analyzing kmeans_d128_n_clusters-15.csv...
2026-05-19 00:06:42,100 - INFO - Analyzing kmeans_d128_n_clusters-5.csv...
2026-05-19 00:06:42,111 - INFO - Analyzing kmeans_d16_n_clusters-10.csv...
2026-05-19 00:06:42,116 - INFO - Analyzing kmeans_d16_n_clusters-15.csv...
2026-05-19 00:06:42,134 - INFO - Analyzing kmeans_d16_n_clusters-5.csv...
2026-05-19 00:06:42,148 - INFO - Analyzing kmeans_d256_n_clusters-10.csv...
2026-05-19 00:06:42,161 - INFO - Analyzing kmeans_d256_n_clusters-15.csv...
2026-05-19 00:06:42,170 - INFO - Analyzing kmeans_d256_n_clusters-5.csv...
2026-05-19 00:06:42,183 - INFO - Analyzing kmeans_d2_n_clusters-10.csv...
2026-05-19 00:06:42,196 - INFO - Analyzing kmeans_d2_n_clusters-15.csv...
2026-05-19 00:06:42,209 - INFO - Analyzing kmeans_d2_n_clusters-5.csv...
2026-05-19 00:06:42,216 - INFO - Analyzing kmeans_d32_n_clusters-10.csv...
2026-05-19 00:06:42,231 - INFO - Analyzing kmeans_d32_n_clusters-15.csv...
2026-05-19 00:06:42,241 - INFO - Analyzing kmeans_d32_n_clusters-5.csv...
2026-05-19 00:06:42,252 - INFO - Analyzing kmeans_d4_n_clusters-10.csv...
2026-05-19 00:06:42,263 - INFO - Analyzing kmeans_d4_n_clusters-15.csv...
2026-05-19 00:06:42,270 - INFO - Analyzing kmeans_d4_n_clusters-5.csv...
2026-05-19 00:06:42,277 - INFO - Analyzing kmeans_d64_n_clusters-10.csv...
2026-05-19 00:06:42,293 - INFO - Analyzing kmeans_d64_n_clusters-15.csv...
2026-05-19 00:06:42,304 - INFO - Analyzing kmeans_d64_n_clusters-5.csv...
2026-05-19 00:06:42,316 - INFO - Analyzing kmeans_d8_n_clusters-10.csv...
2026-05-19 00:06:42,327 - INFO - Analyzing kmeans_d8_n_clusters-15.csv...
2026-05-19 00:06:42,338 - INFO - Analyzing kmeans_d8_n_clusters-5.csv...
2026-05-19 00:06:42,363 - INFO - Analysis complete. Summary saved to C:\Users\Acer\OneDrive\Desktop\work_folder\science\utm_conference_2026\umap-spurious-clusters\experiments\cluster_analysis\results\summary.csv
2026-05-19 00:09:59,986 - INFO - Starting ClusterAnalysisExperiment for source: cluster_assignment_sweep
2026-05-19 00:09:59,992 - INFO - Analyzing agglomerative_d128_n_clusters-10_linkage-average.csv...
2026-05-19 00:10:00,170 - INFO - Analyzing agglomerative_d128_n_clusters-10_linkage-ward.csv...
2026-05-19 00:10:00,182 - INFO - Analyzing agglomerative_d128_n_clusters-15_linkage-average.csv...
2026-05-19 00:10:00,197 - INFO - Analyzing agglomerative_d128_n_clusters-15_linkage-ward.csv...
2026-05-19 00:10:00,211 - INFO - Analyzing agglomerative_d128_n_clusters-5_linkage-average.csv...
2026-05-19 00:10:00,224 - INFO - Analyzing agglomerative_d128_n_clusters-5_linkage-ward.csv...
2026-05-19 00:10:00,237 - INFO - Analyzing agglomerative_d16_n_clusters-10_linkage-average.csv...
2026-05-19 00:10:00,247 - INFO - Analyzing agglomerative_d16_n_clusters-10_linkage-ward.csv...
2026-05-19 00:10:00,264 - INFO - Analyzing agglomerative_d16_n_clusters-15_linkage-average.csv...
2026-05-19 00:10:00,280 - INFO - Analyzing agglomerative_d16_n_clusters-15_linkage-ward.csv...
2026-05-19 00:10:00,298 - INFO - Analyzing agglomerative_d16_n_clusters-5_linkage-average.csv...
2026-05-19 00:10:00,315 - INFO - Analyzing agglomerative_d16_n_clusters-5_linkage-ward.csv...
2026-05-19 00:10:00,331 - INFO - Analyzing agglomerative_d256_n_clusters-10_linkage-average.csv...
2026-05-19 00:10:00,350 - INFO - Analyzing agglomerative_d256_n_clusters-10_linkage-ward.csv...
2026-05-19 00:10:00,364 - INFO - Analyzing agglomerative_d256_n_clusters-15_linkage-average.csv...
2026-05-19 00:10:00,383 - INFO - Analyzing agglomerative_d256_n_clusters-15_linkage-ward.csv...
2026-05-19 00:10:00,400 - INFO - Analyzing agglomerative_d256_n_clusters-5_linkage-average.csv...
2026-05-19 00:10:00,426 - INFO - Analyzing agglomerative_d256_n_clusters-5_linkage-ward.csv...
2026-05-19 00:10:00,451 - INFO - Analyzing agglomerative_d2_n_clusters-10_linkage-average.csv...
2026-05-19 00:10:00,468 - INFO - Analyzing agglomerative_d2_n_clusters-10_linkage-ward.csv...
2026-05-19 00:10:00,487 - INFO - Analyzing agglomerative_d2_n_clusters-15_linkage-average.csv...
2026-05-19 00:10:00,508 - INFO - Analyzing agglomerative_d2_n_clusters-15_linkage-ward.csv...
2026-05-19 00:10:00,520 - INFO - Analyzing agglomerative_d2_n_clusters-5_linkage-average.csv...
2026-05-19 00:10:00,543 - INFO - Analyzing agglomerative_d2_n_clusters-5_linkage-ward.csv...
2026-05-19 00:10:00,560 - INFO - Analyzing agglomerative_d32_n_clusters-10_linkage-average.csv...
2026-05-19 00:10:00,579 - INFO - Analyzing agglomerative_d32_n_clusters-10_linkage-ward.csv...
2026-05-19 00:10:00,597 - INFO - Analyzing agglomerative_d32_n_clusters-15_linkage-average.csv...
2026-05-19 00:10:00,618 - INFO - Analyzing agglomerative_d32_n_clusters-15_linkage-ward.csv...
2026-05-19 00:10:00,624 - INFO - Analyzing agglomerative_d32_n_clusters-5_linkage-average.csv...
2026-05-19 00:10:00,642 - INFO - Analyzing agglomerative_d32_n_clusters-5_linkage-ward.csv...
2026-05-19 00:10:00,671 - INFO - Analyzing agglomerative_d4_n_clusters-10_linkage-average.csv...
2026-05-19 00:10:00,691 - INFO - Analyzing agglomerative_d4_n_clusters-10_linkage-ward.csv...
2026-05-19 00:10:00,706 - INFO - Analyzing agglomerative_d4_n_clusters-15_linkage-average.csv...
2026-05-19 00:10:00,716 - INFO - Analyzing agglomerative_d4_n_clusters-15_linkage-ward.csv...
2026-05-19 00:10:00,734 - INFO - Analyzing agglomerative_d4_n_clusters-5_linkage-average.csv...
2026-05-19 00:10:00,747 - INFO - Analyzing agglomerative_d4_n_clusters-5_linkage-ward.csv...
2026-05-19 00:10:00,760 - INFO - Analyzing agglomerative_d64_n_clusters-10_linkage-average.csv...
2026-05-19 00:10:00,778 - INFO - Analyzing agglomerative_d64_n_clusters-10_linkage-ward.csv...
2026-05-19 00:10:00,789 - INFO - Analyzing agglomerative_d64_n_clusters-15_linkage-average.csv...
2026-05-19 00:10:00,796 - INFO - Analyzing agglomerative_d64_n_clusters-15_linkage-ward.csv...
2026-05-19 00:10:00,810 - INFO - Analyzing agglomerative_d64_n_clusters-5_linkage-average.csv...
2026-05-19 00:10:00,823 - INFO - Analyzing agglomerative_d64_n_clusters-5_linkage-ward.csv...
2026-05-19 00:10:00,827 - INFO - Analyzing agglomerative_d8_n_clusters-10_linkage-average.csv...
2026-05-19 00:10:00,847 - INFO - Analyzing agglomerative_d8_n_clusters-10_linkage-ward.csv...
2026-05-19 00:10:00,860 - INFO - Analyzing agglomerative_d8_n_clusters-15_linkage-average.csv...
2026-05-19 00:10:00,869 - INFO - Analyzing agglomerative_d8_n_clusters-15_linkage-ward.csv...
2026-05-19 00:10:00,881 - INFO - Analyzing agglomerative_d8_n_clusters-5_linkage-average.csv...
2026-05-19 00:10:00,891 - INFO - Analyzing agglomerative_d8_n_clusters-5_linkage-ward.csv...
2026-05-19 00:10:00,903 - INFO - Analyzing dbscan_d128_eps-0.3_min_samples-10.csv...
2026-05-19 00:10:00,924 - INFO - Analyzing dbscan_d128_eps-0.3_min_samples-5.csv...
2026-05-19 00:10:01,026 - INFO - Analyzing dbscan_d128_eps-0.5_min_samples-10.csv...
2026-05-19 00:10:01,046 - INFO - Analyzing dbscan_d128_eps-0.5_min_samples-5.csv...
2026-05-19 00:10:01,055 - INFO - Analyzing dbscan_d128_eps-0.7_min_samples-10.csv...
2026-05-19 00:10:01,067 - INFO - Analyzing dbscan_d128_eps-0.7_min_samples-5.csv...
2026-05-19 00:10:01,082 - INFO - Analyzing dbscan_d16_eps-0.3_min_samples-10.csv...
2026-05-19 00:10:01,095 - INFO - Analyzing dbscan_d16_eps-0.3_min_samples-5.csv...
2026-05-19 00:10:01,111 - INFO - Analyzing dbscan_d16_eps-0.5_min_samples-10.csv...
2026-05-19 00:10:01,127 - INFO - Analyzing dbscan_d16_eps-0.5_min_samples-5.csv...
2026-05-19 00:10:01,144 - INFO - Analyzing dbscan_d16_eps-0.7_min_samples-10.csv...
2026-05-19 00:10:01,158 - INFO - Analyzing dbscan_d16_eps-0.7_min_samples-5.csv...
2026-05-19 00:10:01,169 - INFO - Analyzing dbscan_d256_eps-0.3_min_samples-10.csv...
2026-05-19 00:10:01,181 - INFO - Analyzing dbscan_d256_eps-0.3_min_samples-5.csv...
2026-05-19 00:10:01,196 - INFO - Analyzing dbscan_d256_eps-0.5_min_samples-10.csv...
2026-05-19 00:10:01,212 - INFO - Analyzing dbscan_d256_eps-0.5_min_samples-5.csv...
2026-05-19 00:10:01,224 - INFO - Analyzing dbscan_d256_eps-0.7_min_samples-10.csv...
2026-05-19 00:10:01,229 - INFO - Analyzing dbscan_d256_eps-0.7_min_samples-5.csv...
2026-05-19 00:10:01,248 - INFO - Analyzing dbscan_d2_eps-0.3_min_samples-10.csv...
2026-05-19 00:10:01,259 - INFO - Analyzing dbscan_d2_eps-0.3_min_samples-5.csv...
2026-05-19 00:10:01,267 - INFO - Analyzing dbscan_d2_eps-0.5_min_samples-10.csv...
2026-05-19 00:10:01,282 - INFO - Analyzing dbscan_d2_eps-0.5_min_samples-5.csv...
2026-05-19 00:10:01,294 - INFO - Analyzing dbscan_d2_eps-0.7_min_samples-10.csv...
2026-05-19 00:10:01,307 - INFO - Analyzing dbscan_d2_eps-0.7_min_samples-5.csv...
2026-05-19 00:10:01,322 - INFO - Analyzing dbscan_d32_eps-0.3_min_samples-10.csv...
2026-05-19 00:10:01,335 - INFO - Analyzing dbscan_d32_eps-0.3_min_samples-5.csv...
2026-05-19 00:10:01,347 - INFO - Analyzing dbscan_d32_eps-0.5_min_samples-10.csv...
2026-05-19 00:10:01,361 - INFO - Analyzing dbscan_d32_eps-0.5_min_samples-5.csv...
2026-05-19 00:10:01,375 - INFO - Analyzing dbscan_d32_eps-0.7_min_samples-10.csv...
2026-05-19 00:10:01,377 - INFO - Analyzing dbscan_d32_eps-0.7_min_samples-5.csv...
2026-05-19 00:10:01,397 - INFO - Analyzing dbscan_d4_eps-0.3_min_samples-10.csv...
2026-05-19 00:10:01,417 - INFO - Analyzing dbscan_d4_eps-0.3_min_samples-5.csv...
2026-05-19 00:10:01,441 - INFO - Analyzing dbscan_d4_eps-0.5_min_samples-10.csv...
2026-05-19 00:10:01,464 - INFO - Analyzing dbscan_d4_eps-0.5_min_samples-5.csv...
2026-05-19 00:10:01,478 - INFO - Analyzing dbscan_d4_eps-0.7_min_samples-10.csv...
2026-05-19 00:10:01,494 - INFO - Analyzing dbscan_d4_eps-0.7_min_samples-5.csv...
2026-05-19 00:10:01,511 - INFO - Analyzing dbscan_d64_eps-0.3_min_samples-10.csv...
2026-05-19 00:10:01,528 - INFO - Analyzing dbscan_d64_eps-0.3_min_samples-5.csv...
2026-05-19 00:10:01,539 - INFO - Analyzing dbscan_d64_eps-0.5_min_samples-10.csv...
2026-05-19 00:10:01,556 - INFO - Analyzing dbscan_d64_eps-0.5_min_samples-5.csv...
2026-05-19 00:10:01,566 - INFO - Analyzing dbscan_d64_eps-0.7_min_samples-10.csv...
2026-05-19 00:10:01,585 - INFO - Analyzing dbscan_d64_eps-0.7_min_samples-5.csv...
2026-05-19 00:10:01,597 - INFO - Analyzing dbscan_d8_eps-0.3_min_samples-10.csv...
2026-05-19 00:10:01,613 - INFO - Analyzing dbscan_d8_eps-0.3_min_samples-5.csv...
2026-05-19 00:10:01,630 - INFO - Analyzing dbscan_d8_eps-0.5_min_samples-10.csv...
2026-05-19 00:10:01,646 - INFO - Analyzing dbscan_d8_eps-0.5_min_samples-5.csv...
2026-05-19 00:10:01,660 - INFO - Analyzing dbscan_d8_eps-0.7_min_samples-10.csv...
2026-05-19 00:10:01,677 - INFO - Analyzing dbscan_d8_eps-0.7_min_samples-5.csv...
2026-05-19 00:10:01,693 - INFO - Analyzing hdbscan_d128_min_cluster_size-10.csv...
2026-05-19 00:10:01,709 - INFO - Analyzing hdbscan_d128_min_cluster_size-20.csv...
2026-05-19 00:10:01,724 - INFO - Analyzing hdbscan_d128_min_cluster_size-50.csv...
2026-05-19 00:10:01,739 - INFO - Analyzing hdbscan_d16_min_cluster_size-10.csv...
2026-05-19 00:10:01,750 - INFO - Analyzing hdbscan_d16_min_cluster_size-20.csv...
2026-05-19 00:10:01,762 - INFO - Analyzing hdbscan_d16_min_cluster_size-50.csv...
2026-05-19 00:10:01,775 - INFO - Analyzing hdbscan_d256_min_cluster_size-10.csv...
2026-05-19 00:10:01,786 - INFO - Analyzing hdbscan_d256_min_cluster_size-20.csv...
2026-05-19 00:10:01,800 - INFO - Analyzing hdbscan_d256_min_cluster_size-50.csv...
2026-05-19 00:10:01,812 - INFO - Analyzing hdbscan_d2_min_cluster_size-10.csv...
2026-05-19 00:10:01,824 - INFO - Analyzing hdbscan_d2_min_cluster_size-20.csv...
2026-05-19 00:10:01,836 - INFO - Analyzing hdbscan_d2_min_cluster_size-50.csv...
2026-05-19 00:10:01,848 - INFO - Analyzing hdbscan_d32_min_cluster_size-10.csv...
2026-05-19 00:10:01,860 - INFO - Analyzing hdbscan_d32_min_cluster_size-20.csv...
2026-05-19 00:10:01,866 - INFO - Analyzing hdbscan_d32_min_cluster_size-50.csv...
2026-05-19 00:10:01,884 - INFO - Analyzing hdbscan_d4_min_cluster_size-10.csv...
2026-05-19 00:10:01,897 - INFO - Analyzing hdbscan_d4_min_cluster_size-20.csv...
2026-05-19 00:10:01,909 - INFO - Analyzing hdbscan_d4_min_cluster_size-50.csv...
2026-05-19 00:10:01,914 - INFO - Analyzing hdbscan_d64_min_cluster_size-10.csv...
2026-05-19 00:10:01,933 - INFO - Analyzing hdbscan_d64_min_cluster_size-20.csv...
2026-05-19 00:10:01,944 - INFO - Analyzing hdbscan_d64_min_cluster_size-50.csv...
2026-05-19 00:10:01,954 - INFO - Analyzing hdbscan_d8_min_cluster_size-10.csv...
2026-05-19 00:10:01,965 - INFO - Analyzing hdbscan_d8_min_cluster_size-20.csv...
2026-05-19 00:10:01,979 - INFO - Analyzing hdbscan_d8_min_cluster_size-50.csv...
2026-05-19 00:10:01,992 - INFO - Analyzing kmeans_d128_n_clusters-10.csv...
2026-05-19 00:10:02,005 - INFO - Analyzing kmeans_d128_n_clusters-15.csv...
2026-05-19 00:10:02,018 - INFO - Analyzing kmeans_d128_n_clusters-5.csv...
2026-05-19 00:10:02,033 - INFO - Analyzing kmeans_d16_n_clusters-10.csv...
2026-05-19 00:10:02,046 - INFO - Analyzing kmeans_d16_n_clusters-15.csv...
2026-05-19 00:10:02,058 - INFO - Analyzing kmeans_d16_n_clusters-5.csv...
2026-05-19 00:10:02,065 - INFO - Analyzing kmeans_d256_n_clusters-10.csv...
2026-05-19 00:10:02,081 - INFO - Analyzing kmeans_d256_n_clusters-15.csv...
2026-05-19 00:10:02,093 - INFO - Analyzing kmeans_d256_n_clusters-5.csv...
2026-05-19 00:10:02,107 - INFO - Analyzing kmeans_d2_n_clusters-10.csv...
2026-05-19 00:10:02,116 - INFO - Analyzing kmeans_d2_n_clusters-15.csv...
2026-05-19 00:10:02,128 - INFO - Analyzing kmeans_d2_n_clusters-5.csv...
2026-05-19 00:10:02,140 - INFO - Analyzing kmeans_d32_n_clusters-10.csv...
2026-05-19 00:10:02,205 - INFO - Analyzing kmeans_d32_n_clusters-15.csv...
2026-05-19 00:10:02,220 - INFO - Analyzing kmeans_d32_n_clusters-5.csv...
2026-05-19 00:10:02,233 - INFO - Analyzing kmeans_d4_n_clusters-10.csv...
2026-05-19 00:10:02,248 - INFO - Analyzing kmeans_d4_n_clusters-15.csv...
2026-05-19 00:10:02,266 - INFO - Analyzing kmeans_d4_n_clusters-5.csv...
2026-05-19 00:10:02,279 - INFO - Analyzing kmeans_d64_n_clusters-10.csv...
2026-05-19 00:10:02,296 - INFO - Analyzing kmeans_d64_n_clusters-15.csv...
2026-05-19 00:10:02,306 - INFO - Analyzing kmeans_d64_n_clusters-5.csv...
2026-05-19 00:10:02,311 - INFO - Analyzing kmeans_d8_n_clusters-10.csv...
2026-05-19 00:10:02,331 - INFO - Analyzing kmeans_d8_n_clusters-15.csv...
2026-05-19 00:10:02,342 - INFO - Analyzing kmeans_d8_n_clusters-5.csv...
2026-05-19 00:10:02,363 - INFO - Analysis complete. Summary saved to C:\Users\Acer\OneDrive\Desktop\work_folder\science\utm_conference_2026\umap-spurious-clusters\experiments\cluster_analysis\results\summary.csv
