2026-05-24 03:06:01,477 - INFO - Starting Hierarchical Clustering Experiment
2026-05-24 03:06:01,481 - INFO - Loading embeddings and dataset...
2026-05-24 03:07:09,776 - INFO - Starting Hierarchical Clustering Experiment
2026-05-24 03:07:09,777 - INFO - Loading embeddings and dataset...
2026-05-24 03:07:10,519 - INFO - Computing linkage matrix (single linkage)...
2026-05-24 03:07:10,668 - INFO - Extracting clusters for k=5...
2026-05-24 03:07:10,673 - INFO - Analyzing semantics for k=5...
2026-05-24 03:07:10,758 - INFO - Extracting clusters for k=10...
2026-05-24 03:07:10,763 - INFO - Analyzing semantics for k=10...
2026-05-24 03:07:10,805 - INFO - Extracting clusters for k=15...
2026-05-24 03:07:10,811 - INFO - Analyzing semantics for k=15...
2026-05-24 03:07:10,842 - INFO - Computing stability between k=5 and k=10...
2026-05-24 03:07:10,852 - INFO - Computing stability between k=10 and k=15...
2026-05-24 03:07:10,852 - INFO - Generating visualizations...
2026-05-24 03:07:15,577 - INFO - Experiment complete. Results saved in C:\Users\Acer\OneDrive\Desktop\work_folder\science\utm_conference_2026\umap-spurious-clusters\experiments\hierarchical_clustering\results
2026-05-24 03:08:55,242 - INFO - Starting Hierarchical Clustering Experiment
2026-05-24 03:08:55,244 - INFO - Loading embeddings and dataset...
2026-05-24 03:08:59,236 - INFO - Computing linkage matrix (single linkage)...
2026-05-24 03:08:59,464 - INFO - Extracting clusters for k=5...
2026-05-24 03:08:59,470 - INFO - Analyzing semantics for k=5...
2026-05-24 03:08:59,583 - INFO - Extracting clusters for k=10...
2026-05-24 03:08:59,589 - INFO - Analyzing semantics for k=10...
2026-05-24 03:08:59,635 - INFO - Extracting clusters for k=15...
2026-05-24 03:08:59,647 - INFO - Analyzing semantics for k=15...
2026-05-24 03:08:59,687 - INFO - Computing stability between k=5 and k=10...
2026-05-24 03:08:59,697 - INFO - Computing stability between k=10 and k=15...
2026-05-24 03:08:59,703 - INFO - Generating visualizations...
2026-05-24 03:09:04,950 - INFO - Experiment complete. Results saved in C:\Users\Acer\OneDrive\Desktop\work_folder\science\utm_conference_2026\umap-spurious-clusters\experiments\hierarchical_clustering\results
2026-05-24 03:15:52,021 - INFO - Starting Hierarchical Clustering Experiment
2026-05-24 03:15:52,026 - INFO - Loading embeddings and dataset...
2026-05-24 03:15:53,538 - INFO - Computing linkage matrix (complete linkage)...
2026-05-24 03:15:53,975 - INFO - Extracting clusters for k=10...
2026-05-24 03:15:53,981 - INFO - Analyzing semantics for k=10...
2026-05-24 03:15:54,125 - INFO - Extracting clusters for k=25...
2026-05-24 03:15:54,140 - INFO - Analyzing semantics for k=25...
2026-05-24 03:15:54,261 - INFO - Extracting clusters for k=50...
2026-05-24 03:15:54,275 - INFO - Analyzing semantics for k=50...
2026-05-24 03:15:54,543 - INFO - Computing stability between k=10 and k=25...
2026-05-24 03:15:54,567 - INFO - Computing stability between k=25 and k=50...
2026-05-24 03:15:54,578 - INFO - Generating visualizations...
2026-05-24 03:16:06,957 - INFO - Experiment complete. Results saved in C:\Users\Acer\OneDrive\Desktop\work_folder\science\utm_conference_2026\umap-spurious-clusters\experiments\hierarchical_clustering\results
