2026-05-18 23:50:00,546 - INFO - Starting ClusterAssignmentExperiment: cluster_assignment_sweep
2026-05-18 23:50:00,548 - INFO - Processing dimension: 256
2026-05-18 23:50:28,995 - INFO -   - Saved assignment: kmeans_d256_n_clusters-5.csv
2026-05-18 23:50:29,081 - INFO -   - Saved assignment: kmeans_d256_n_clusters-10.csv
2026-05-18 23:50:29,161 - INFO -   - Saved assignment: kmeans_d256_n_clusters-15.csv
2026-05-18 23:50:29,244 - INFO -   - Saved assignment: dbscan_d256_eps-0.3_min_samples-5.csv
2026-05-18 23:50:29,284 - INFO -   - Saved assignment: dbscan_d256_eps-0.3_min_samples-10.csv
2026-05-18 23:50:29,330 - INFO -   - Saved assignment: dbscan_d256_eps-0.5_min_samples-5.csv
2026-05-18 23:50:29,375 - INFO -   - Saved assignment: dbscan_d256_eps-0.5_min_samples-10.csv
2026-05-18 23:50:29,537 - INFO -   - Saved assignment: dbscan_d256_eps-0.7_min_samples-5.csv
2026-05-18 23:50:29,598 - INFO -   - Saved assignment: dbscan_d256_eps-0.7_min_samples-10.csv
2026-05-18 23:50:30,340 - INFO -   - Saved assignment: hdbscan_d256_min_cluster_size-10.csv
2026-05-18 23:50:31,064 - INFO -   - Saved assignment: hdbscan_d256_min_cluster_size-20.csv
2026-05-18 23:50:31,969 - INFO -   - Saved assignment: hdbscan_d256_min_cluster_size-50.csv
2026-05-18 23:50:32,086 - INFO -   - Saved assignment: agglomerative_d256_n_clusters-5_linkage-ward.csv
2026-05-18 23:50:32,199 - INFO -   - Saved assignment: agglomerative_d256_n_clusters-5_linkage-average.csv
2026-05-18 23:50:32,303 - INFO -   - Saved assignment: agglomerative_d256_n_clusters-10_linkage-ward.csv
2026-05-18 23:50:32,435 - INFO -   - Saved assignment: agglomerative_d256_n_clusters-10_linkage-average.csv
2026-05-18 23:50:32,538 - INFO -   - Saved assignment: agglomerative_d256_n_clusters-15_linkage-ward.csv
2026-05-18 23:50:32,693 - INFO -   - Saved assignment: agglomerative_d256_n_clusters-15_linkage-average.csv
2026-05-18 23:50:32,694 - INFO - Processing dimension: 128
2026-05-18 23:50:39,875 - INFO -   - Saved assignment: kmeans_d128_n_clusters-5.csv
2026-05-18 23:50:39,911 - INFO -   - Saved assignment: kmeans_d128_n_clusters-10.csv
2026-05-18 23:50:40,128 - INFO -   - Saved assignment: kmeans_d128_n_clusters-15.csv
2026-05-18 23:50:40,215 - INFO -   - Saved assignment: dbscan_d128_eps-0.3_min_samples-5.csv
2026-05-18 23:50:40,293 - INFO -   - Saved assignment: dbscan_d128_eps-0.3_min_samples-10.csv
2026-05-18 23:50:40,344 - INFO -   - Saved assignment: dbscan_d128_eps-0.5_min_samples-5.csv
2026-05-18 23:50:40,401 - INFO -   - Saved assignment: dbscan_d128_eps-0.5_min_samples-10.csv
2026-05-18 23:50:40,482 - INFO -   - Saved assignment: dbscan_d128_eps-0.7_min_samples-5.csv
2026-05-18 23:50:40,541 - INFO -   - Saved assignment: dbscan_d128_eps-0.7_min_samples-10.csv
2026-05-18 23:50:40,867 - INFO -   - Saved assignment: hdbscan_d128_min_cluster_size-10.csv
2026-05-18 23:50:41,152 - INFO -   - Saved assignment: hdbscan_d128_min_cluster_size-20.csv
2026-05-18 23:50:41,498 - INFO -   - Saved assignment: hdbscan_d128_min_cluster_size-50.csv
2026-05-18 23:50:41,566 - INFO -   - Saved assignment: agglomerative_d128_n_clusters-5_linkage-ward.csv
2026-05-18 23:50:41,647 - INFO -   - Saved assignment: agglomerative_d128_n_clusters-5_linkage-average.csv
2026-05-18 23:50:41,698 - INFO -   - Saved assignment: agglomerative_d128_n_clusters-10_linkage-ward.csv
2026-05-18 23:50:41,823 - INFO -   - Saved assignment: agglomerative_d128_n_clusters-10_linkage-average.csv
2026-05-18 23:50:41,951 - INFO -   - Saved assignment: agglomerative_d128_n_clusters-15_linkage-ward.csv
2026-05-18 23:50:42,036 - INFO -   - Saved assignment: agglomerative_d128_n_clusters-15_linkage-average.csv
2026-05-18 23:50:42,036 - INFO - Processing dimension: 64
2026-05-18 23:50:47,260 - INFO -   - Saved assignment: kmeans_d64_n_clusters-5.csv
2026-05-18 23:50:47,282 - INFO -   - Saved assignment: kmeans_d64_n_clusters-10.csv
2026-05-18 23:50:47,320 - INFO -   - Saved assignment: kmeans_d64_n_clusters-15.csv
2026-05-18 23:50:47,346 - INFO -   - Saved assignment: dbscan_d64_eps-0.3_min_samples-5.csv
2026-05-18 23:50:47,380 - INFO -   - Saved assignment: dbscan_d64_eps-0.3_min_samples-10.csv
2026-05-18 23:50:47,414 - INFO -   - Saved assignment: dbscan_d64_eps-0.5_min_samples-5.csv
2026-05-18 23:50:47,450 - INFO -   - Saved assignment: dbscan_d64_eps-0.5_min_samples-10.csv
2026-05-18 23:50:47,492 - INFO -   - Saved assignment: dbscan_d64_eps-0.7_min_samples-5.csv
2026-05-18 23:50:47,520 - INFO -   - Saved assignment: dbscan_d64_eps-0.7_min_samples-10.csv
2026-05-18 23:50:47,687 - INFO -   - Saved assignment: hdbscan_d64_min_cluster_size-10.csv
2026-05-18 23:50:47,820 - INFO -   - Saved assignment: hdbscan_d64_min_cluster_size-20.csv
2026-05-18 23:50:47,972 - INFO -   - Saved assignment: hdbscan_d64_min_cluster_size-50.csv
2026-05-18 23:50:48,037 - INFO -   - Saved assignment: agglomerative_d64_n_clusters-5_linkage-ward.csv
2026-05-18 23:50:48,090 - INFO -   - Saved assignment: agglomerative_d64_n_clusters-5_linkage-average.csv
2026-05-18 23:50:48,142 - INFO -   - Saved assignment: agglomerative_d64_n_clusters-10_linkage-ward.csv
2026-05-18 23:50:48,201 - INFO -   - Saved assignment: agglomerative_d64_n_clusters-10_linkage-average.csv
2026-05-18 23:50:48,255 - INFO -   - Saved assignment: agglomerative_d64_n_clusters-15_linkage-ward.csv
2026-05-18 23:50:48,309 - INFO -   - Saved assignment: agglomerative_d64_n_clusters-15_linkage-average.csv
2026-05-18 23:50:48,310 - INFO - Processing dimension: 32
2026-05-18 23:50:52,429 - INFO -   - Saved assignment: kmeans_d32_n_clusters-5.csv
2026-05-18 23:50:52,450 - INFO -   - Saved assignment: kmeans_d32_n_clusters-10.csv
2026-05-18 23:50:52,472 - INFO -   - Saved assignment: kmeans_d32_n_clusters-15.csv
2026-05-18 23:50:52,499 - INFO -   - Saved assignment: dbscan_d32_eps-0.3_min_samples-5.csv
2026-05-18 23:50:52,522 - INFO -   - Saved assignment: dbscan_d32_eps-0.3_min_samples-10.csv
2026-05-18 23:50:52,554 - INFO -   - Saved assignment: dbscan_d32_eps-0.5_min_samples-5.csv
2026-05-18 23:50:52,586 - INFO -   - Saved assignment: dbscan_d32_eps-0.5_min_samples-10.csv
2026-05-18 23:50:52,619 - INFO -   - Saved assignment: dbscan_d32_eps-0.7_min_samples-5.csv
2026-05-18 23:50:52,649 - INFO -   - Saved assignment: dbscan_d32_eps-0.7_min_samples-10.csv
2026-05-18 23:50:52,813 - INFO -   - Saved assignment: hdbscan_d32_min_cluster_size-10.csv
2026-05-18 23:50:52,996 - INFO -   - Saved assignment: hdbscan_d32_min_cluster_size-20.csv
2026-05-18 23:50:53,104 - INFO -   - Saved assignment: hdbscan_d32_min_cluster_size-50.csv
2026-05-18 23:50:53,179 - INFO -   - Saved assignment: agglomerative_d32_n_clusters-5_linkage-ward.csv
2026-05-18 23:50:53,230 - INFO -   - Saved assignment: agglomerative_d32_n_clusters-5_linkage-average.csv
2026-05-18 23:50:53,283 - INFO -   - Saved assignment: agglomerative_d32_n_clusters-10_linkage-ward.csv
2026-05-18 23:50:53,328 - INFO -   - Saved assignment: agglomerative_d32_n_clusters-10_linkage-average.csv
2026-05-18 23:50:53,368 - INFO -   - Saved assignment: agglomerative_d32_n_clusters-15_linkage-ward.csv
2026-05-18 23:50:53,419 - INFO -   - Saved assignment: agglomerative_d32_n_clusters-15_linkage-average.csv
2026-05-18 23:50:53,419 - INFO - Processing dimension: 16
2026-05-18 23:50:57,665 - INFO -   - Saved assignment: kmeans_d16_n_clusters-5.csv
2026-05-18 23:50:57,690 - INFO -   - Saved assignment: kmeans_d16_n_clusters-10.csv
2026-05-18 23:50:57,727 - INFO -   - Saved assignment: kmeans_d16_n_clusters-15.csv
2026-05-18 23:50:57,754 - INFO -   - Saved assignment: dbscan_d16_eps-0.3_min_samples-5.csv
2026-05-18 23:50:57,788 - INFO -   - Saved assignment: dbscan_d16_eps-0.3_min_samples-10.csv
2026-05-18 23:50:57,828 - INFO -   - Saved assignment: dbscan_d16_eps-0.5_min_samples-5.csv
2026-05-18 23:50:57,854 - INFO -   - Saved assignment: dbscan_d16_eps-0.5_min_samples-10.csv
2026-05-18 23:50:57,887 - INFO -   - Saved assignment: dbscan_d16_eps-0.7_min_samples-5.csv
2026-05-18 23:50:57,920 - INFO -   - Saved assignment: dbscan_d16_eps-0.7_min_samples-10.csv
2026-05-18 23:50:58,012 - INFO -   - Saved assignment: hdbscan_d16_min_cluster_size-10.csv
2026-05-18 23:50:58,096 - INFO -   - Saved assignment: hdbscan_d16_min_cluster_size-20.csv
2026-05-18 23:50:58,176 - INFO -   - Saved assignment: hdbscan_d16_min_cluster_size-50.csv
2026-05-18 23:50:58,222 - INFO -   - Saved assignment: agglomerative_d16_n_clusters-5_linkage-ward.csv
2026-05-18 23:50:58,262 - INFO -   - Saved assignment: agglomerative_d16_n_clusters-5_linkage-average.csv
2026-05-18 23:50:58,324 - INFO -   - Saved assignment: agglomerative_d16_n_clusters-10_linkage-ward.csv
2026-05-18 23:50:58,381 - INFO -   - Saved assignment: agglomerative_d16_n_clusters-10_linkage-average.csv
2026-05-18 23:50:58,444 - INFO -   - Saved assignment: agglomerative_d16_n_clusters-15_linkage-ward.csv
2026-05-18 23:50:58,483 - INFO -   - Saved assignment: agglomerative_d16_n_clusters-15_linkage-average.csv
2026-05-18 23:50:58,485 - INFO - Processing dimension: 8
2026-05-18 23:51:02,896 - INFO -   - Saved assignment: kmeans_d8_n_clusters-5.csv
2026-05-18 23:51:02,919 - INFO -   - Saved assignment: kmeans_d8_n_clusters-10.csv
2026-05-18 23:51:02,947 - INFO -   - Saved assignment: kmeans_d8_n_clusters-15.csv
2026-05-18 23:51:02,991 - INFO -   - Saved assignment: dbscan_d8_eps-0.3_min_samples-5.csv
2026-05-18 23:51:03,028 - INFO -   - Saved assignment: dbscan_d8_eps-0.3_min_samples-10.csv
2026-05-18 23:51:03,065 - INFO -   - Saved assignment: dbscan_d8_eps-0.5_min_samples-5.csv
2026-05-18 23:51:03,100 - INFO -   - Saved assignment: dbscan_d8_eps-0.5_min_samples-10.csv
2026-05-18 23:51:03,141 - INFO -   - Saved assignment: dbscan_d8_eps-0.7_min_samples-5.csv
2026-05-18 23:51:03,190 - INFO -   - Saved assignment: dbscan_d8_eps-0.7_min_samples-10.csv
2026-05-18 23:51:03,272 - INFO -   - Saved assignment: hdbscan_d8_min_cluster_size-10.csv
2026-05-18 23:51:03,340 - INFO -   - Saved assignment: hdbscan_d8_min_cluster_size-20.csv
2026-05-18 23:51:03,422 - INFO -   - Saved assignment: hdbscan_d8_min_cluster_size-50.csv
2026-05-18 23:51:03,465 - INFO -   - Saved assignment: agglomerative_d8_n_clusters-5_linkage-ward.csv
2026-05-18 23:51:03,507 - INFO -   - Saved assignment: agglomerative_d8_n_clusters-5_linkage-average.csv
2026-05-18 23:51:03,551 - INFO -   - Saved assignment: agglomerative_d8_n_clusters-10_linkage-ward.csv
2026-05-18 23:51:03,591 - INFO -   - Saved assignment: agglomerative_d8_n_clusters-10_linkage-average.csv
2026-05-18 23:51:03,643 - INFO -   - Saved assignment: agglomerative_d8_n_clusters-15_linkage-ward.csv
2026-05-18 23:51:03,689 - INFO -   - Saved assignment: agglomerative_d8_n_clusters-15_linkage-average.csv
2026-05-18 23:51:03,693 - INFO - Processing dimension: 4
2026-05-18 23:51:08,513 - INFO -   - Saved assignment: kmeans_d4_n_clusters-5.csv
2026-05-18 23:51:08,528 - INFO -   - Saved assignment: kmeans_d4_n_clusters-10.csv
2026-05-18 23:51:08,560 - INFO -   - Saved assignment: kmeans_d4_n_clusters-15.csv
2026-05-18 23:51:08,583 - INFO -   - Saved assignment: dbscan_d4_eps-0.3_min_samples-5.csv
2026-05-18 23:51:08,611 - INFO -   - Saved assignment: dbscan_d4_eps-0.3_min_samples-10.csv
2026-05-18 23:51:08,641 - INFO -   - Saved assignment: dbscan_d4_eps-0.5_min_samples-5.csv
2026-05-18 23:51:08,663 - INFO -   - Saved assignment: dbscan_d4_eps-0.5_min_samples-10.csv
2026-05-18 23:51:08,678 - INFO -   - Saved assignment: dbscan_d4_eps-0.7_min_samples-5.csv
2026-05-18 23:51:08,703 - INFO -   - Saved assignment: dbscan_d4_eps-0.7_min_samples-10.csv
2026-05-18 23:51:08,744 - INFO -   - Saved assignment: hdbscan_d4_min_cluster_size-10.csv
2026-05-18 23:51:08,792 - INFO -   - Saved assignment: hdbscan_d4_min_cluster_size-20.csv
2026-05-18 23:51:08,843 - INFO -   - Saved assignment: hdbscan_d4_min_cluster_size-50.csv
2026-05-18 23:51:08,872 - INFO -   - Saved assignment: agglomerative_d4_n_clusters-5_linkage-ward.csv
2026-05-18 23:51:08,918 - INFO -   - Saved assignment: agglomerative_d4_n_clusters-5_linkage-average.csv
2026-05-18 23:51:08,938 - INFO -   - Saved assignment: agglomerative_d4_n_clusters-10_linkage-ward.csv
2026-05-18 23:51:08,984 - INFO -   - Saved assignment: agglomerative_d4_n_clusters-10_linkage-average.csv
2026-05-18 23:51:09,022 - INFO -   - Saved assignment: agglomerative_d4_n_clusters-15_linkage-ward.csv
2026-05-18 23:51:09,067 - INFO -   - Saved assignment: agglomerative_d4_n_clusters-15_linkage-average.csv
2026-05-18 23:51:09,068 - INFO - Processing dimension: 2
2026-05-18 23:51:13,429 - INFO -   - Saved assignment: kmeans_d2_n_clusters-5.csv
2026-05-18 23:51:13,453 - INFO -   - Saved assignment: kmeans_d2_n_clusters-10.csv
2026-05-18 23:51:13,481 - INFO -   - Saved assignment: kmeans_d2_n_clusters-15.csv
2026-05-18 23:51:13,510 - INFO -   - Saved assignment: dbscan_d2_eps-0.3_min_samples-5.csv
2026-05-18 23:51:13,542 - INFO -   - Saved assignment: dbscan_d2_eps-0.3_min_samples-10.csv
2026-05-18 23:51:13,586 - INFO -   - Saved assignment: dbscan_d2_eps-0.5_min_samples-5.csv
2026-05-18 23:51:13,614 - INFO -   - Saved assignment: dbscan_d2_eps-0.5_min_samples-10.csv
2026-05-18 23:51:13,638 - INFO -   - Saved assignment: dbscan_d2_eps-0.7_min_samples-5.csv
2026-05-18 23:51:13,658 - INFO -   - Saved assignment: dbscan_d2_eps-0.7_min_samples-10.csv
2026-05-18 23:51:13,724 - INFO -   - Saved assignment: hdbscan_d2_min_cluster_size-10.csv
2026-05-18 23:51:13,783 - INFO -   - Saved assignment: hdbscan_d2_min_cluster_size-20.csv
2026-05-18 23:51:13,839 - INFO -   - Saved assignment: hdbscan_d2_min_cluster_size-50.csv
2026-05-18 23:51:13,881 - INFO -   - Saved assignment: agglomerative_d2_n_clusters-5_linkage-ward.csv
2026-05-18 23:51:13,919 - INFO -   - Saved assignment: agglomerative_d2_n_clusters-5_linkage-average.csv
2026-05-18 23:51:13,970 - INFO -   - Saved assignment: agglomerative_d2_n_clusters-10_linkage-ward.csv
2026-05-18 23:51:14,031 - INFO -   - Saved assignment: agglomerative_d2_n_clusters-10_linkage-average.csv
2026-05-18 23:51:14,123 - INFO -   - Saved assignment: agglomerative_d2_n_clusters-15_linkage-ward.csv
2026-05-18 23:51:14,192 - INFO -   - Saved assignment: agglomerative_d2_n_clusters-15_linkage-average.csv
2026-05-18 23:51:14,194 - INFO - Experiment completed successfully.
